<?xml version="1.0" encoding="UTF-8"?>
<!-- Generated by org.testng.reporters.JUnitXMLReporter -->
<testsuite ignored="0" hostname="DESKTOP-B2C1TVC" failures="0" tests="5" name="Default test" time="6.921" errors="0" timestamp="2024-09-02T15:35:07 IST">
  <testcase classname="com.qa.E_Commerce.Testclass.TestHomepage" name="Login" time="0.793"/>
  <testcase classname="com.qa.E_Commerce.Testclass.TestHomepage" name="Productselect" time="0.469"/>
  <testcase classname="com.qa.E_Commerce.Testclass.TestHomepage" name="checkout" time="0.217"/>
  <testcase classname="com.qa.E_Commerce.Testclass.TestHomepage" name="checkoutinformation" time="0.724"/>
  <testcase classname="com.qa.E_Commerce.Testclass.TestHomepage" name="buy1" time="0.101"/>
</testsuite> <!-- Default test -->
