<?xml version="1.0" encoding="UTF-8"?>
<testng-results ignored="0" total="1" passed="1" failed="0" skipped="0">
  <reporter-output>
  </reporter-output>
  <suite started-at="2024-07-25T18:46:32 IST" name="Default suite" finished-at="2024-07-25T18:46:52 IST" duration-ms="19565">
    <groups>
    </groups>
    <test started-at="2024-07-25T18:46:32 IST" name="Default test" finished-at="2024-07-25T18:46:52 IST" duration-ms="19565">
      <class name="com.qa.E_Commerce.Testclass.TestHomepage">
        <test-method signature="openurl()[pri:0, instance:com.qa.E_Commerce.Testclass.TestHomepage@1a942c18]" started-at="2024-07-25T18:46:32 IST" name="openurl" finished-at="2024-07-25T18:46:52 IST" duration-ms="19472" status="PASS">
          <reporter-output>
          </reporter-output>
        </test-method> <!-- openurl -->
      </class> <!-- com.qa.E_Commerce.Testclass.TestHomepage -->
    </test> <!-- Default test -->
  </suite> <!-- Default suite -->
</testng-results>
